<?xml version="1.0" encoding="UTF-8"?>
<testsuite name="UserInterfaceTest" tests="5" skipped="0" failures="0" errors="0" timestamp="2026-02-13T20:38:17.864Z" hostname="Haileys-MacBook-Pro.local" time="0.003">
  <properties/>
  <testcase name="testTooManyArgsPrintsError()" classname="UserInterfaceTest" time="0.0"/>
  <testcase name="testNonNumberArgPrintsError()" classname="UserInterfaceTest" time="0.001"/>
  <testcase name="testOneArgPrintsContents()" classname="UserInterfaceTest" time="0.0"/>
  <testcase name="testGenericExceptionCatchRuns()" classname="UserInterfaceTest" time="0.0"/>
  <testcase name="testNoArgsPrintsFileList()" classname="UserInterfaceTest" time="0.001"/>
  <system-out><![CDATA[]]></system-out>
  <system-err><![CDATA[]]></system-err>
</testsuite>
