<?xml version="1.0" encoding="UTF-8"?>
<testsuite name="UserInterfaceTest" tests="5" skipped="0" failures="0" errors="0" timestamp="2026-02-13T19:33:17.294Z" hostname="T2" time="0.077">
  <properties/>
  <testcase name="testTooManyArgsPrintsError()" classname="UserInterfaceTest" time="0.055"/>
  <testcase name="testNonNumberArgPrintsError()" classname="UserInterfaceTest" time="0.003"/>
  <testcase name="testOneArgPrintsContents()" classname="UserInterfaceTest" time="0.002"/>
  <testcase name="testGenericExceptionCatchRuns()" classname="UserInterfaceTest" time="0.002"/>
  <testcase name="testNoArgsPrintsFileList()" classname="UserInterfaceTest" time="0.007"/>
  <system-out><![CDATA[]]></system-out>
  <system-err><![CDATA[]]></system-err>
</testsuite>
