<?xml version="1.0" encoding="UTF-8"?>
<testsuite name="PartCTest" tests="4" skipped="0" failures="3" errors="0" timestamp="2026-02-13T03:16:44.524Z" hostname="T2" time="0.047">
  <properties/>
  <testcase name="getFileContentsByIndex_readFails_hitsSecondCatch()" classname="PartCTest" time="0.035">
    <failure message="org.opentest4j.AssertionFailedError: error should be set true when readString throws IOException ==&gt; expected: &lt;true&gt; but was: &lt;false&gt;" type="org.opentest4j.AssertionFailedError">org.opentest4j.AssertionFailedError: error should be set true when readString throws IOException ==&gt; expected: &lt;true&gt; but was: &lt;false&gt;
	at app//org.junit.jupiter.api.AssertionFailureBuilder.build(AssertionFailureBuilder.java:151)
	at app//org.junit.jupiter.api.AssertionFailureBuilder.buildAndThrow(AssertionFailureBuilder.java:132)
	at app//org.junit.jupiter.api.AssertTrue.failNotTrue(AssertTrue.java:63)
	at app//org.junit.jupiter.api.AssertTrue.assertTrue(AssertTrue.java:36)
	at app//org.junit.jupiter.api.Assertions.assertTrue(Assertions.java:210)
	at app//PartCTest.getFileContentsByIndex_readFails_hitsSecondCatch(PartCTest.java:77)
	at java.base@25/java.lang.reflect.Method.invoke(Method.java:565)
	at java.base@25/java.util.ArrayList.forEach(ArrayList.java:1604)
	at java.base@25/java.util.ArrayList.forEach(ArrayList.java:1604)
</failure>
  </testcase>
  <testcase name="getFileContentsByIndex_success_readsFile()" classname="PartCTest" time="0.005">
    <failure message="org.opentest4j.AssertionFailedError: expected: &lt;HELLO&gt; but was: &lt;&gt;" type="org.opentest4j.AssertionFailedError">org.opentest4j.AssertionFailedError: expected: &lt;HELLO&gt; but was: &lt;&gt;
	at app//org.junit.jupiter.api.AssertionFailureBuilder.build(AssertionFailureBuilder.java:151)
	at app//org.junit.jupiter.api.AssertionFailureBuilder.buildAndThrow(AssertionFailureBuilder.java:132)
	at app//org.junit.jupiter.api.AssertEquals.failNotEqual(AssertEquals.java:197)
	at app//org.junit.jupiter.api.AssertEquals.assertEquals(AssertEquals.java:182)
	at app//org.junit.jupiter.api.AssertEquals.assertEquals(AssertEquals.java:177)
	at app//org.junit.jupiter.api.Assertions.assertEquals(Assertions.java:1141)
	at app//PartCTest.getFileContentsByIndex_success_readsFile(PartCTest.java:52)
	at java.base@25/java.lang.reflect.Method.invoke(Method.java:565)
	at java.base@25/java.util.ArrayList.forEach(ArrayList.java:1604)
	at java.base@25/java.util.ArrayList.forEach(ArrayList.java:1604)
</failure>
  </testcase>
  <testcase name="constructor_and_getFileList_coverGetter()" classname="PartCTest" time="0.002"/>
  <testcase name="getFileContentsByIndex_folderMissing_hitsFirstCatch()" classname="PartCTest" time="0.004">
    <failure message="org.opentest4j.AssertionFailedError: Expected java.lang.IndexOutOfBoundsException to be thrown, but nothing was thrown." type="org.opentest4j.AssertionFailedError">org.opentest4j.AssertionFailedError: Expected java.lang.IndexOutOfBoundsException to be thrown, but nothing was thrown.
	at app//org.junit.jupiter.api.AssertionFailureBuilder.build(AssertionFailureBuilder.java:152)
	at app//org.junit.jupiter.api.AssertThrows.assertThrows(AssertThrows.java:73)
	at app//org.junit.jupiter.api.AssertThrows.assertThrows(AssertThrows.java:35)
	at app//org.junit.jupiter.api.Assertions.assertThrows(Assertions.java:3111)
	at app//PartCTest.getFileContentsByIndex_folderMissing_hitsFirstCatch(PartCTest.java:62)
	at java.base@25/java.lang.reflect.Method.invoke(Method.java:565)
	at java.base@25/java.util.ArrayList.forEach(ArrayList.java:1604)
	at java.base@25/java.util.ArrayList.forEach(ArrayList.java:1604)
</failure>
  </testcase>
  <system-out><![CDATA[File does not exist
File does not exist
File does not exist
]]></system-out>
  <system-err><![CDATA[]]></system-err>
</testsuite>
